
> placement-prep-backend@1.0.0 dev
> nodemon server.js

[33m[nodemon] 3.1.14[39m
[33m[nodemon] to restart at any time, enter `rs`[39m
[33m[nodemon] watching path(s): *.*[39m
[33m[nodemon] watching extensions: js,mjs,cjs,json[39m
[32m[nodemon] starting `node server.js`[39m
file:///D:/project/placement-prep-portal/backend/utils/streakCalculator.js:16
module.exports = calculateStreak;
^

ReferenceError: module is not defined in ES module scope
This file is being treated as an ES module because it has a '.js' file extension and 'D:\project\placement-prep-portal\backend\utils\package.json' contains "type": "module". To treat it as a CommonJS script, rename it to use the '.cjs' file extension.
    at file:///D:/project/placement-prep-portal/backend/utils/streakCalculator.js:16:1
    at ModuleJobSync.runSync (node:internal/modules/esm/module_job:534:37)
    at ModuleLoader.importSyncForRequire (node:internal/modules/esm/loader:388:47)
    at loadESMFromCJS (node:internal/modules/cjs/loader:1629:24)
    at Module._compile (node:internal/modules/cjs/loader:1794:5)
    at Object..js (node:internal/modules/cjs/loader:1943:10)
    at Module.load (node:internal/modules/cjs/loader:1533:32)
    at Module._load (node:internal/modules/cjs/loader:1335:12)
    at wrapModuleLoad (node:internal/modules/cjs/loader:255:19)
    at Module.require (node:internal/modules/cjs/loader:1556:12)

Node.js v24.14.0
[31m[nodemon] app crashed - waiting for file changes before starting...[39m
[32m[nodemon] restarting due to changes...[39m
[32m[nodemon] starting `node server.js`[39m
file:///D:/project/placement-prep-portal/backend/server.js:1
require('dotenv').config();
^

ReferenceError: require is not defined in ES module scope, you can use import instead
This file is being treated as an ES module because it has a '.js' file extension and 'D:\project\placement-prep-portal\backend\package.json' contains "type": "module". To treat it as a CommonJS script, rename it to use the '.cjs' file extension.
    at file:///D:/project/placement-prep-portal/backend/server.js:1:1
    at ModuleJob.run (node:internal/modules/esm/module_job:430:25)
    at process.processTicksAndRejections (node:internal/process/task_queues:104:5)
    at async onImport.tracePromise.__proto__ (node:internal/modules/esm/loader:661:26)
    at async asyncRunEntryPointWithESMLoader (node:internal/modules/run_main:101:5)

Node.js v24.14.0
[31m[nodemon] app crashed - waiting for file changes before starting...[39m
[32m[nodemon] restarting due to changes...[39m
[32m[nodemon] starting `node server.js`[39m
file:///D:/project/placement-prep-portal/backend/utils/streakCalculator.js:16
module.exports = calculateStreak;
^

ReferenceError: module is not defined in ES module scope
This file is being treated as an ES module because it has a '.js' file extension and 'D:\project\placement-prep-portal\backend\utils\package.json' contains "type": "module". To treat it as a CommonJS script, rename it to use the '.cjs' file extension.
    at file:///D:/project/placement-prep-portal/backend/utils/streakCalculator.js:16:1
    at ModuleJobSync.runSync (node:internal/modules/esm/module_job:534:37)
    at ModuleLoader.importSyncForRequire (node:internal/modules/esm/loader:388:47)
    at loadESMFromCJS (node:internal/modules/cjs/loader:1629:24)
    at Module._compile (node:internal/modules/cjs/loader:1794:5)
    at Object..js (node:internal/modules/cjs/loader:1943:10)
    at Module.load (node:internal/modules/cjs/loader:1533:32)
    at Module._load (node:internal/modules/cjs/loader:1335:12)
    at wrapModuleLoad (node:internal/modules/cjs/loader:255:19)
    at Module.require (node:internal/modules/cjs/loader:1556:12)

Node.js v24.14.0
[31m[nodemon] app crashed - waiting for file changes before starting...[39m
[32m[nodemon] restarting due to changes...[39m
[32m[nodemon] starting `node server.js`[39m
[32m[nodemon] restarting due to changes...[39m
[32m[nodemon] starting `node server.js`[39m
MongoDB connected: localhost
Server running on port 5000
[31m[nodemon] app crashed - waiting for file changes before starting...[39m
[32m[nodemon] restarting due to changes...[39m
[32m[nodemon] starting `node server.js`[39m
MongoDB connected: localhost
Server running on port 5000
[32m[nodemon] restarting due to changes...[39m
[32m[nodemon] starting `node server.js`[39m
MongoDB connected: localhost
Server running on port 5000
[32m[nodemon] restarting due to changes...[39m
[32m[nodemon] starting `node server.js`[39m
MongoDB connected: localhost
Server running on port 5000
[32m[nodemon] restarting due to changes...[39m
[32m[nodemon] starting `node server.js`[39m
MongoDB connected: localhost
Server running on port 5000
[32m[nodemon] restarting due to changes...[39m
[32m[nodemon] starting `node server.js`[39m
MongoDB connected: localhost
Server running on port 5000
[32m[nodemon] restarting due to changes...[39m
[32m[nodemon] starting `node server.js`[39m
MongoDB connected: localhost
Server running on port 5000
[32m[nodemon] restarting due to changes...[39m
[32m[nodemon] starting `node server.js`[39m
MongoDB connected: localhost
Server running on port 5000
[32m[nodemon] restarting due to changes...[39m
[32m[nodemon] starting `node server.js`[39m
MongoDB connected: localhost
Server running on port 5000
[32m[nodemon] restarting due to changes...[39m
[32m[nodemon] starting `node server.js`[39m
MongoDB connected: localhost
Server running on port 5000
[32m[nodemon] restarting due to changes...[39m
[32m[nodemon] restarting due to changes...[39m
[32m[nodemon] starting `node server.js`[39m
MongoDB connected: localhost
Server running on port 5000
[32m[nodemon] restarting due to changes...[39m
[32m[nodemon] starting `node server.js`[39m
MongoDB connected: localhost
Server running on port 5000
[32m[nodemon] restarting due to changes...[39m
[32m[nodemon] starting `node server.js`[39m
MongoDB connected: localhost
Server running on port 5000
[32m[nodemon] restarting due to changes...[39m
[32m[nodemon] starting `node server.js`[39m
MongoDB connected: localhost
Server running on port 5000
[32m[nodemon] restarting due to changes...[39m
[32m[nodemon] starting `node server.js`[39m
MongoDB connected: localhost
Server running on port 5000
[32m[nodemon] restarting due to changes...[39m
[32m[nodemon] starting `node server.js`[39m
MongoDB connected: localhost
Server running on port 5000
[32m[nodemon] restarting due to changes...[39m
[32m[nodemon] starting `node server.js`[39m
MongoDB connected: localhost
Server running on port 5000
[32m[nodemon] restarting due to changes...[39m
[32m[nodemon] starting `node server.js`[39m
MongoDB connected: localhost
Server running on port 5000
[32m[nodemon] restarting due to changes...[39m
[32m[nodemon] starting `node server.js`[39m
MongoDB connected: localhost
Server running on port 5000
[32m[nodemon] restarting due to changes...[39m
[32m[nodemon] starting `node server.js`[39m
MongoDB connected: localhost
Server running on port 5000
[32m[nodemon] restarting due to changes...[39m
[32m[nodemon] starting `node server.js`[39m
MongoDB connected: localhost
Server running on port 5000
[32m[nodemon] restarting due to changes...[39m
[32m[nodemon] starting `node server.js`[39m
MongoDB connected: localhost
Server running on port 5000
[32m[nodemon] restarting due to changes...[39m
[32m[nodemon] starting `node server.js`[39m
MongoDB connected: localhost
Server running on port 5000
[32m[nodemon] restarting due to changes...[39m
[32m[nodemon] starting `node server.js`[39m
MongoDB connected: localhost
Server running on port 5000
[32m[nodemon] restarting due to changes...[39m
[32m[nodemon] starting `node server.js`[39m
MongoDB connected: localhost
Server running on port 5000
[32m[nodemon] restarting due to changes...[39m
[32m[nodemon] starting `node server.js`[39m
MongoDB connected: localhost
Server running on port 5000
[32m[nodemon] restarting due to changes...[39m
[32m[nodemon] starting `node server.js`[39m
MongoDB connected: localhost
Server running on port 5000
[32m[nodemon] restarting due to changes...[39m
[32m[nodemon] starting `node server.js`[39m
MongoDB connected: localhost
Server running on port 5000
[32m[nodemon] restarting due to changes...[39m
[32m[nodemon] starting `node server.js`[39m
MongoDB connected: localhost
Server running on port 5000
[32m[nodemon] restarting due to changes...[39m
[32m[nodemon] starting `node server.js`[39m
MongoDB connected: localhost
Server running on port 5000
[32m[nodemon] restarting due to changes...[39m
[32m[nodemon] starting `node server.js`[39m
MongoDB connected: localhost
Server running on port 5000
[31m[nodemon] app crashed - waiting for file changes before starting...[39m
[32m[nodemon] restarting due to changes...[39m
[32m[nodemon] starting `node server.js`[39m
MongoDB connected: localhost
Server running on port 5000
[32m[nodemon] restarting due to changes...[39m
[32m[nodemon] restarting due to changes...[39m
[32m[nodemon] starting `node server.js`[39m
MongoDB connected: localhost
Server running on port 5000
